{"numFailedTestSuites":0,"numFailedTests":0,"numPassedTestSuites":6,"numPassedTests":13,"numPendingTestSuites":0,"numPendingTests":0,"numRuntimeErrorTestSuites":0,"numTodoTests":0,"numTotalTestSuites":6,"numTotalTests":13,"openHandles":[],"snapshot":{"added":0,"didUpdate":false,"failure":false,"filesAdded":0,"filesRemoved":0,"filesRemovedList":[],"filesUnmatched":0,"filesUpdated":0,"matched":0,"total":0,"unchecked":0,"uncheckedKeysByFile":[],"unmatched":0,"updated":0},"startTime":1611907522598,"success":true,"testResults":[{"assertionResults":[{"ancestorTitles":[],"failureMessages":[],"fullName":"get plural form for 0 entities","location":null,"status":"passed","title":"get plural form for 0 entities"},{"ancestorTitles":[],"failureMessages":[],"fullName":"get plural form for 1 entity","location":null,"status":"passed","title":"get plural form for 1 entity"},{"ancestorTitles":[],"failureMessages":[],"fullName":"get plural form for 2 entities","location":null,"status":"passed","title":"get plural form for 2 entities"}],"endTime":1611907524999,"message":"","name":"/Users/eden_lane/Projects/work/rmr-utils/build/text/getPlural/getPlural.test.js","startTime":1611907524278,"status":"passed","summary":""},{"assertionResults":[{"ancestorTitles":[],"failureMessages":[],"fullName":"should rename every field in nested object","location":null,"status":"passed","title":"should rename every field in nested object"}],"endTime":1611907525005,"message":"","name":"/Users/eden_lane/Projects/work/rmr-utils/build/collection/traverse/traverse.test.js","startTime":1611907524279,"status":"passed","summary":""},{"assertionResults":[{"ancestorTitles":[],"failureMessages":[],"fullName":"should add/remove item from list of selected","location":null,"status":"passed","title":"should add/remove item from list of selected"},{"ancestorTitles":[],"failureMessages":[],"fullName":"should select/unselect all when aggregated value is passed","location":null,"status":"passed","title":"should select/unselect all when aggregated value is passed"}],"endTime":1611907525008,"message":"","name":"/Users/eden_lane/Projects/work/rmr-utils/build/collection/multipleSelect/multipleSelect.test.js","startTime":1611907524279,"status":"passed","summary":""},{"assertionResults":[{"ancestorTitles":[],"failureMessages":[],"fullName":"should rename every field in nested object","location":null,"status":"passed","title":"should rename every field in nested object"}],"endTime":1611907525413,"message":"","name":"/Users/eden_lane/Projects/work/rmr-utils/src/collection/traverse/traverse.test.ts","startTime":1611907524279,"status":"passed","summary":""},{"assertionResults":[{"ancestorTitles":[],"failureMessages":[],"fullName":"get plural form for 0 entities","location":null,"status":"passed","title":"get plural form for 0 entities"},{"ancestorTitles":[],"failureMessages":[],"fullName":"get plural form for 1 entity","location":null,"status":"passed","title":"get plural form for 1 entity"},{"ancestorTitles":[],"failureMessages":[],"fullName":"get plural form for 2 entities","location":null,"status":"passed","title":"get plural form for 2 entities"},{"ancestorTitles":[],"failureMessages":[],"fullName":"get plural form for 11 entities","location":null,"status":"passed","title":"get plural form for 11 entities"}],"endTime":1611907525418,"message":"","name":"/Users/eden_lane/Projects/work/rmr-utils/src/text/getPlural/getPlural.test.ts","startTime":1611907524279,"status":"passed","summary":""},{"assertionResults":[{"ancestorTitles":["useDebounce"],"failureMessages":[],"fullName":"useDebounce should change variable after given amount of time","location":null,"status":"passed","title":"should change variable after given amount of time"},{"ancestorTitles":["useDebounce"],"failureMessages":[],"fullName":"useDebounce should cancel timer on unmount","location":null,"status":"passed","title":"should cancel timer on unmount"}],"endTime":1611907527385,"message":"","name":"/Users/eden_lane/Projects/work/rmr-utils/src/hooks/useDebounce/useDebounce.test.ts","startTime":1611907524279,"status":"passed","summary":""}],"wasInterrupted":false}